<?xml version="1.0" encoding="UTF-8"?>
<!-- Generated by org.testng.reporters.JUnitReportReporter -->
<testsuite skipped="0" hostname="DESKTOP-JI54U4I" name="tests.PhpTravelsSignUp" tests="1" failures="0" timestamp="02 Jun 2021 00:27:03 GMT" time="75.654" errors="0">
  <testcase name="fullScenario" time="75.654" classname="tests.PhpTravelsSignUp"/>
</testsuite> <!-- tests.PhpTravelsSignUp -->
